<?xml version="1.0" encoding="UTF-8"?>
<testng-results ignored="0" total="2" passed="2" failed="0" skipped="0">
  <reporter-output>
  </reporter-output>
  <suite started-at="2025-02-09T00:35:24 IST" name="Default suite" finished-at="2025-02-09T00:35:24 IST" duration-ms="77">
    <groups>
    </groups>
    <test started-at="2025-02-09T00:35:24 IST" name="Default test" finished-at="2025-02-09T00:35:24 IST" duration-ms="77">
      <class name="JavaStream1.JavaStreamMap">
        <test-method signature="streamCollect()[pri:0, instance:JavaStream1.JavaStreamMap@9597028]" started-at="2025-02-09T00:35:24 IST" name="streamCollect" finished-at="2025-02-09T00:35:24 IST" duration-ms="15" status="PASS">
          <reporter-output>
          </reporter-output>
        </test-method> <!-- streamCollect -->
        <test-method signature="streamMap()[pri:0, instance:JavaStream1.JavaStreamMap@9597028]" started-at="2025-02-09T00:35:24 IST" name="streamMap" finished-at="2025-02-09T00:35:24 IST" duration-ms="9" status="PASS">
          <reporter-output>
          </reporter-output>
        </test-method> <!-- streamMap -->
      </class> <!-- JavaStream1.JavaStreamMap -->
    </test> <!-- Default test -->
  </suite> <!-- Default suite -->
</testng-results>
